c:\users\andrés\documents\visual studio 2015\projects\cgashape\cgashape\debug\cgashape.pch
c:\users\andrés\documents\visual studio 2015\projects\cgashape\cgashape\debug\vc140.pdb
c:\users\andrés\documents\visual studio 2015\projects\cgashape\cgashape\debug\vc140.idb
c:\users\andrés\documents\visual studio 2015\projects\cgashape\cgashape\debug\stdafx.obj
c:\users\andrés\documents\visual studio 2015\projects\cgashape\cgashape\debug\box.obj
c:\users\andrés\documents\visual studio 2015\projects\cgashape\cgashape\debug\camera.obj
c:\users\andrés\documents\visual studio 2015\projects\cgashape\cgashape\debug\cgashape.obj
c:\users\andrés\documents\visual studio 2015\projects\cgashape\cgashape\debug\floorplan.obj
c:\users\andrés\documents\visual studio 2015\projects\cgashape\cgashape\debug\programholder.obj
c:\users\andrés\documents\visual studio 2015\projects\cgashape\cgashape\debug\programrepository.obj
c:\users\andrés\documents\visual studio 2015\projects\cgashape\cgashape\debug\rulepool.obj
c:\users\andrés\documents\visual studio 2015\projects\cgashape\cgashape\debug\sdl_manager.obj
c:\users\andrés\documents\visual studio 2015\projects\cgashape\cgashape\debug\shaderholder.obj
c:\users\andrés\documents\visual studio 2015\projects\cgashape\cgashape\debug\shaderrepository.obj
c:\users\andrés\documents\visual studio 2015\projects\cgashape\cgashape\debug\shape.obj
c:\users\andrés\documents\visual studio 2015\projects\cgashape\cgashape\debug\textureholder.obj
c:\users\andrés\documents\visual studio 2015\projects\cgashape\cgashape\debug\drawable.obj
c:\users\andrés\documents\visual studio 2015\projects\cgashape\cgashape\debug\map.obj
c:\users\andrés\documents\visual studio 2015\projects\cgashape\cgashape\debug\building.obj
c:\users\andrés\documents\visual studio 2015\projects\cgashape\cgashape\debug\mapparser.obj
c:\users\andrés\documents\visual studio 2015\projects\cgashape\cgashape\debug\shapetree.obj
c:\users\andrés\documents\visual studio 2015\projects\cgashape\cgashape\debug\rule.obj
c:\users\andrés\documents\visual studio 2015\projects\cgashape\cgashape\debug\pugixml.obj
c:\users\andrés\documents\visual studio 2015\projects\cgashape\cgashape\debug\argument.obj
c:\users\andrés\documents\visual studio 2015\projects\cgashape\cgashape\debug\lhs.obj
c:\users\andrés\documents\visual studio 2015\projects\cgashape\cgashape\debug\rhs.obj
c:\users\andrés\documents\visual studio 2015\projects\cgashape\cgashape\debug\logger.obj
c:\users\andrés\documents\visual studio 2015\projects\cgashape\cgashape\debug\singletexturedrawable.obj
c:\users\andrés\documents\visual studio 2015\projects\cgashape\cgashape\debug\mainholder.obj
c:\users\andrés\documents\visual studio 2015\projects\cgashape\cgashape\debug\street.obj
c:\users\andrés\documents\visual studio 2015\projects\cgashape\cgashape\debug\utilities.obj
c:\users\andrés\documents\visual studio 2015\projects\cgashape\cgashape\debug\material.obj
c:\users\andrés\documents\visual studio 2015\projects\cgashape\cgashape\debug\geometrydrawable.obj
c:\users\andrés\documents\visual studio 2015\projects\cgashape\cgashape\debug\materialholder.obj
c:\users\andrés\documents\visual studio 2015\projects\cgashape\cgashape\debug\shapeinfo.obj
c:\users\andrés\documents\visual studio 2015\projects\cgashape\cgashape\debug\shapeinfoholder.obj
c:\users\andrés\documents\visual studio 2015\projects\cgashape\cgashape\debug\basedistribution.obj
c:\users\andrés\documents\visual studio 2015\projects\cgashape\cgashape\debug\config.obj
c:\users\andrés\documents\visual studio 2015\projects\cgashape\cgashape\debug\parser.obj
c:\users\andrés\documents\visual studio 2015\projects\cgashape\cgashape\debug\skybox.obj
c:\users\andrés\documents\visual studio 2015\projects\cgashape\cgashape\debug\floor.obj
c:\users\andrés\documents\visual studio 2015\projects\cgashape\debug\cgashape.ilk
c:\users\andrés\documents\visual studio 2015\projects\cgashape\debug\cgashape.exe
c:\users\andrés\documents\visual studio 2015\projects\cgashape\debug\cgashape.pdb
c:\users\andrés\documents\visual studio 2015\projects\cgashape\cgashape\debug\cgashape.tlog\cl.command.1.tlog
c:\users\andrés\documents\visual studio 2015\projects\cgashape\cgashape\debug\cgashape.tlog\cl.read.1.tlog
c:\users\andrés\documents\visual studio 2015\projects\cgashape\cgashape\debug\cgashape.tlog\cl.write.1.tlog
c:\users\andrés\documents\visual studio 2015\projects\cgashape\cgashape\debug\cgashape.tlog\link.command.1.tlog
c:\users\andrés\documents\visual studio 2015\projects\cgashape\cgashape\debug\cgashape.tlog\link.read.1.tlog
c:\users\andrés\documents\visual studio 2015\projects\cgashape\cgashape\debug\cgashape.tlog\link.write.1.tlog
